<?xml version="1.0" encoding="UTF-8"?>
<!-- Generated by org.testng.reporters.JUnitXMLReporter -->
<testsuite ignored="0" hostname="Ahmeds-MacBook-Pro.local" failures="0" tests="9" name="Default test" time="22.072" errors="0" timestamp="2022-03-28T19:39:17 EET">
  <testcase classname="contracts.FixedRateTest" name="login" time="1.745"/>
  <testcase classname="contracts.FixedRateTest" name="goToCreate" time="4.451"/>
  <testcase classname="contracts.FixedRateTest" name="goToFixedRate" time="0.325"/>
  <testcase classname="contracts.FixedRateTest" name="fillTheFirstPage" time="3.571"/>
  <testcase classname="contracts.FixedRateTest" name="fillPaymentPage" time="1.536"/>
  <testcase classname="contracts.FixedRateTest" name="skipFirstPaymentPage" time="0.349"/>
  <testcase classname="contracts.FixedRateTest" name="addSpecialClause" time="0.655"/>
  <testcase classname="contracts.FixedRateTest" name="createContract" time="0.29"/>
  <testcase classname="contracts.FixedRateTest" name="reachedContractPage" time="1.574"/>
</testsuite> <!-- Default test -->
