<?xml version="1.0" encoding="UTF-8"?>
<!-- Generated by org.testng.reporters.JUnitXMLReporter -->
<testsuite ignored="0" hostname="Ahmeds-MacBook-Pro.local" failures="0" tests="23" name="Deel Parallel Test" time="35.43" errors="0" timestamp="2022-03-10T19:56:33 EET">
  <testcase classname="contracts.PayAsYouGoTest" name="login" time="12.729"/>
  <testcase classname="contracts.PayAsYouGoTest" name="goToCreate" time="0.874"/>
  <testcase classname="contracts.PayAsYouGoTest" name="selectContractType" time="0.901"/>
  <testcase classname="contracts.MilestoneTest" name="login" time="18.054"/>
  <testcase classname="contracts.FixedRateTest" name="login" time="18.178"/>
  <testcase classname="contracts.PayAsYouGoTest" name="fillTheFirstPage" time="4.094"/>
  <testcase classname="contracts.MilestoneTest" name="goToCreate" time="0.851"/>
  <testcase classname="contracts.MilestoneTest" name="selectContractType" time="0.428"/>
  <testcase classname="contracts.FixedRateTest" name="goToCreate" time="1.289"/>
  <testcase classname="contracts.FixedRateTest" name="goToFixedTerm" time="0.99"/>
  <testcase classname="contracts.PayAsYouGoTest" name="fillPayPage" time="2.224"/>
  <testcase classname="contracts.PayAsYouGoTest" name="firstPaymentPage" time="0.361"/>
  <testcase classname="contracts.PayAsYouGoTest" name="addSpecialClause" time="0.695"/>
  <testcase classname="contracts.MilestoneTest" name="fillTheFirstPage" time="3.049"/>
  <testcase classname="contracts.MilestoneTest" name="fillTheSecondPage" time="1.267"/>
  <testcase classname="contracts.FixedRateTest" name="fillTheFirstPage" time="3.332"/>
  <testcase classname="contracts.PayAsYouGoTest" name="createContract" time="1.98"/>
  <testcase classname="contracts.MilestoneTest" name="addSpecialClause" time="0.354"/>
  <testcase classname="contracts.FixedRateTest" name="fillPayPage" time="1.589"/>
  <testcase classname="contracts.FixedRateTest" name="firstPaymentPage" time="0.293"/>
  <testcase classname="contracts.FixedRateTest" name="addSpecialClause" time="0.667"/>
  <testcase classname="contracts.MilestoneTest" name="createContract" time="2.365"/>
  <testcase classname="contracts.FixedRateTest" name="createContract" time="2.386"/>
</testsuite> <!-- Deel Parallel Test -->
