<?xml version="1.0" encoding="UTF-8"?>
<!-- Generated by org.testng.reporters.JUnitXMLReporter -->
<testsuite ignored="0" hostname="Ahmeds-MacBook-Pro.local" failures="0" tests="23" name="Deel Parallel Test" time="30.12" errors="0" timestamp="2022-03-10T05:54:22 EET">
  <testcase classname="contracts.FixedRate" name="login" time="12.176"/>
  <testcase classname="contracts.Milestone" name="login" time="12.237"/>
  <testcase classname="contracts.PayAsYouGo" name="login" time="13.216"/>
  <testcase classname="contracts.Milestone" name="goToCreate" time="1.156"/>
  <testcase classname="contracts.FixedRate" name="goToCreate" time="1.234"/>
  <testcase classname="contracts.Milestone" name="selectContractType" time="0.423"/>
  <testcase classname="contracts.PayAsYouGo" name="goToCreate" time="1.283"/>
  <testcase classname="contracts.FixedRate" name="goToFixedTerm" time="1.404"/>
  <testcase classname="contracts.PayAsYouGo" name="selectContractType" time="1.404"/>
  <testcase classname="contracts.Milestone" name="fillTheFirstPage" time="3.268"/>
  <testcase classname="contracts.FixedRate" name="fillTheFirstPage" time="3.18"/>
  <testcase classname="contracts.Milestone" name="fillTheSecondPage" time="0.981"/>
  <testcase classname="contracts.Milestone" name="addSpecialClause" time="0.305"/>
  <testcase classname="contracts.PayAsYouGo" name="fillTheFirstPage" time="2.912"/>
  <testcase classname="contracts.FixedRate" name="fillPayPage" time="1.617"/>
  <testcase classname="contracts.FixedRate" name="firstPaymentPage" time="0.305"/>
  <testcase classname="contracts.FixedRate" name="addSpecialClause" time="0.644"/>
  <testcase classname="contracts.Milestone" name="createContract" time="2.338"/>
  <testcase classname="contracts.PayAsYouGo" name="fillPayPage" time="1.942"/>
  <testcase classname="contracts.PayAsYouGo" name="firstPaymentPage" time="0.353"/>
  <testcase classname="contracts.PayAsYouGo" name="addSpecialClause" time="0.649"/>
  <testcase classname="contracts.FixedRate" name="createContract" time="1.834"/>
  <testcase classname="contracts.PayAsYouGo" name="createContract" time="1.841"/>
</testsuite> <!-- Deel Parallel Test -->
