<?xml version="1.0" encoding="UTF-8"?>
<testng-results ignored="0" total="23" passed="23" failed="0" skipped="0">
  <reporter-output>
  </reporter-output>
  <suite started-at="2022-03-10T05:53:52 EET" name="Suite" finished-at="2022-03-10T05:54:22 EET" duration-ms="30120">
    <groups>
    </groups>
    <test started-at="2022-03-10T05:53:52 EET" name="Deel Parallel Test" finished-at="2022-03-10T05:54:22 EET" duration-ms="30120">
      <class name="contracts.PayAsYouGo">
        <test-method is-config="true" signature="initializeSelenium()[pri:0, instance:contracts.PayAsYouGo@7ce3cb8e]" started-at="2022-03-10T05:53:52 EET" name="initializeSelenium" finished-at="2022-03-10T05:53:58 EET" duration-ms="5801" status="PASS">
          <reporter-output>
          </reporter-output>
        </test-method> <!-- initializeSelenium -->
        <test-method signature="login()[pri:0, instance:contracts.PayAsYouGo@7ce3cb8e]" started-at="2022-03-10T05:53:58 EET" name="login" finished-at="2022-03-10T05:54:11 EET" duration-ms="13216" status="PASS">
          <reporter-output>
          </reporter-output>
        </test-method> <!-- login -->
        <test-method signature="goToCreate()[pri:1, instance:contracts.PayAsYouGo@7ce3cb8e]" started-at="2022-03-10T05:54:11 EET" name="goToCreate" finished-at="2022-03-10T05:54:12 EET" duration-ms="1283" status="PASS">
          <reporter-output>
          </reporter-output>
        </test-method> <!-- goToCreate -->
        <test-method signature="selectContractType()[pri:2, instance:contracts.PayAsYouGo@7ce3cb8e]" started-at="2022-03-10T05:54:12 EET" name="selectContractType" finished-at="2022-03-10T05:54:14 EET" duration-ms="1404" status="PASS">
          <reporter-output>
          </reporter-output>
        </test-method> <!-- selectContractType -->
        <test-method signature="fillTheFirstPage()[pri:3, instance:contracts.PayAsYouGo@7ce3cb8e]" started-at="2022-03-10T05:54:14 EET" name="fillTheFirstPage" finished-at="2022-03-10T05:54:17 EET" duration-ms="2912" status="PASS">
          <reporter-output>
          </reporter-output>
        </test-method> <!-- fillTheFirstPage -->
        <test-method signature="fillPayPage()[pri:4, instance:contracts.PayAsYouGo@7ce3cb8e]" started-at="2022-03-10T05:54:17 EET" name="fillPayPage" finished-at="2022-03-10T05:54:19 EET" duration-ms="1942" status="PASS">
          <reporter-output>
          </reporter-output>
        </test-method> <!-- fillPayPage -->
        <test-method signature="firstPaymentPage()[pri:5, instance:contracts.PayAsYouGo@7ce3cb8e]" started-at="2022-03-10T05:54:19 EET" name="firstPaymentPage" finished-at="2022-03-10T05:54:19 EET" duration-ms="353" status="PASS">
          <reporter-output>
          </reporter-output>
        </test-method> <!-- firstPaymentPage -->
        <test-method signature="addSpecialClause()[pri:6, instance:contracts.PayAsYouGo@7ce3cb8e]" started-at="2022-03-10T05:54:19 EET" name="addSpecialClause" finished-at="2022-03-10T05:54:20 EET" duration-ms="649" status="PASS">
          <reporter-output>
          </reporter-output>
        </test-method> <!-- addSpecialClause -->
        <test-method signature="createContract()[pri:7, instance:contracts.PayAsYouGo@7ce3cb8e]" started-at="2022-03-10T05:54:20 EET" name="createContract" finished-at="2022-03-10T05:54:21 EET" duration-ms="1841" status="PASS">
          <reporter-output>
          </reporter-output>
        </test-method> <!-- createContract -->
        <test-method is-config="true" signature="TearDownClass()[pri:0, instance:contracts.PayAsYouGo@7ce3cb8e]" started-at="2022-03-10T05:54:21 EET" name="TearDownClass" finished-at="2022-03-10T05:54:22 EET" duration-ms="676" status="PASS">
          <reporter-output>
          </reporter-output>
        </test-method> <!-- TearDownClass -->
      </class> <!-- contracts.PayAsYouGo -->
      <class name="contracts.FixedRate">
        <test-method is-config="true" signature="initializeSelenium()[pri:0, instance:contracts.FixedRate@1b1473ab]" started-at="2022-03-10T05:53:52 EET" name="initializeSelenium" finished-at="2022-03-10T05:53:58 EET" duration-ms="5801" status="PASS">
          <reporter-output>
          </reporter-output>
        </test-method> <!-- initializeSelenium -->
        <test-method signature="login()[pri:0, instance:contracts.FixedRate@1b1473ab]" started-at="2022-03-10T05:53:58 EET" name="login" finished-at="2022-03-10T05:54:10 EET" duration-ms="12176" status="PASS">
          <reporter-output>
          </reporter-output>
        </test-method> <!-- login -->
        <test-method signature="goToCreate()[pri:1, instance:contracts.FixedRate@1b1473ab]" started-at="2022-03-10T05:54:10 EET" name="goToCreate" finished-at="2022-03-10T05:54:11 EET" duration-ms="1234" status="PASS">
          <reporter-output>
          </reporter-output>
        </test-method> <!-- goToCreate -->
        <test-method signature="goToFixedTerm()[pri:2, instance:contracts.FixedRate@1b1473ab]" started-at="2022-03-10T05:54:11 EET" name="goToFixedTerm" finished-at="2022-03-10T05:54:13 EET" duration-ms="1404" status="PASS">
          <reporter-output>
          </reporter-output>
        </test-method> <!-- goToFixedTerm -->
        <test-method signature="fillTheFirstPage()[pri:3, instance:contracts.FixedRate@1b1473ab]" started-at="2022-03-10T05:54:13 EET" name="fillTheFirstPage" finished-at="2022-03-10T05:54:16 EET" duration-ms="3180" status="PASS">
          <reporter-output>
          </reporter-output>
        </test-method> <!-- fillTheFirstPage -->
        <test-method signature="fillPayPage()[pri:4, instance:contracts.FixedRate@1b1473ab]" started-at="2022-03-10T05:54:16 EET" name="fillPayPage" finished-at="2022-03-10T05:54:17 EET" duration-ms="1617" status="PASS">
          <reporter-output>
          </reporter-output>
        </test-method> <!-- fillPayPage -->
        <test-method signature="firstPaymentPage()[pri:5, instance:contracts.FixedRate@1b1473ab]" started-at="2022-03-10T05:54:17 EET" name="firstPaymentPage" finished-at="2022-03-10T05:54:18 EET" duration-ms="305" status="PASS">
          <reporter-output>
          </reporter-output>
        </test-method> <!-- firstPaymentPage -->
        <test-method signature="addSpecialClause()[pri:6, instance:contracts.FixedRate@1b1473ab]" started-at="2022-03-10T05:54:18 EET" name="addSpecialClause" finished-at="2022-03-10T05:54:18 EET" duration-ms="644" status="PASS">
          <reporter-output>
          </reporter-output>
        </test-method> <!-- addSpecialClause -->
        <test-method signature="createContract()[pri:7, instance:contracts.FixedRate@1b1473ab]" started-at="2022-03-10T05:54:18 EET" name="createContract" finished-at="2022-03-10T05:54:20 EET" duration-ms="1834" status="PASS">
          <reporter-output>
          </reporter-output>
        </test-method> <!-- createContract -->
        <test-method is-config="true" signature="TearDownClass()[pri:0, instance:contracts.FixedRate@1b1473ab]" started-at="2022-03-10T05:54:20 EET" name="TearDownClass" finished-at="2022-03-10T05:54:21 EET" duration-ms="691" status="PASS">
          <reporter-output>
          </reporter-output>
        </test-method> <!-- TearDownClass -->
      </class> <!-- contracts.FixedRate -->
      <class name="contracts.Milestone">
        <test-method is-config="true" signature="initializeSelenium()[pri:0, instance:contracts.Milestone@10e92f8f]" started-at="2022-03-10T05:53:52 EET" name="initializeSelenium" finished-at="2022-03-10T05:53:58 EET" duration-ms="5801" status="PASS">
          <reporter-output>
          </reporter-output>
        </test-method> <!-- initializeSelenium -->
        <test-method signature="login()[pri:0, instance:contracts.Milestone@10e92f8f]" started-at="2022-03-10T05:53:58 EET" name="login" finished-at="2022-03-10T05:54:10 EET" duration-ms="12237" status="PASS">
          <reporter-output>
          </reporter-output>
        </test-method> <!-- login -->
        <test-method signature="goToCreate()[pri:1, instance:contracts.Milestone@10e92f8f]" started-at="2022-03-10T05:54:10 EET" name="goToCreate" finished-at="2022-03-10T05:54:11 EET" duration-ms="1156" status="PASS">
          <reporter-output>
          </reporter-output>
        </test-method> <!-- goToCreate -->
        <test-method signature="selectContractType()[pri:2, instance:contracts.Milestone@10e92f8f]" started-at="2022-03-10T05:54:11 EET" name="selectContractType" finished-at="2022-03-10T05:54:12 EET" duration-ms="423" status="PASS">
          <reporter-output>
          </reporter-output>
        </test-method> <!-- selectContractType -->
        <test-method signature="fillTheFirstPage()[pri:3, instance:contracts.Milestone@10e92f8f]" started-at="2022-03-10T05:54:12 EET" name="fillTheFirstPage" finished-at="2022-03-10T05:54:15 EET" duration-ms="3268" status="PASS">
          <reporter-output>
          </reporter-output>
        </test-method> <!-- fillTheFirstPage -->
        <test-method signature="fillTheSecondPage()[pri:4, instance:contracts.Milestone@10e92f8f]" started-at="2022-03-10T05:54:15 EET" name="fillTheSecondPage" finished-at="2022-03-10T05:54:16 EET" duration-ms="981" status="PASS">
          <reporter-output>
          </reporter-output>
        </test-method> <!-- fillTheSecondPage -->
        <test-method signature="addSpecialClause()[pri:5, instance:contracts.Milestone@10e92f8f]" started-at="2022-03-10T05:54:16 EET" name="addSpecialClause" finished-at="2022-03-10T05:54:16 EET" duration-ms="305" status="PASS">
          <reporter-output>
          </reporter-output>
        </test-method> <!-- addSpecialClause -->
        <test-method signature="createContract()[pri:6, instance:contracts.Milestone@10e92f8f]" started-at="2022-03-10T05:54:16 EET" name="createContract" finished-at="2022-03-10T05:54:19 EET" duration-ms="2338" status="PASS">
          <reporter-output>
          </reporter-output>
        </test-method> <!-- createContract -->
        <test-method is-config="true" signature="TearDownClass()[pri:0, instance:contracts.Milestone@10e92f8f]" started-at="2022-03-10T05:54:19 EET" name="TearDownClass" finished-at="2022-03-10T05:54:19 EET" duration-ms="702" status="PASS">
          <reporter-output>
          </reporter-output>
        </test-method> <!-- TearDownClass -->
      </class> <!-- contracts.Milestone -->
    </test> <!-- Deel Parallel Test -->
  </suite> <!-- Suite -->
</testng-results>
